May-14 14:30:36.706 [main] DEBUG nextflow.cli.Launcher - $> nextflow run main.nf -params-file params/params_local.json -profile mamba_local -c config/nextflow.config -stub
May-14 14:30:36.804 [main] INFO  nextflow.cli.CmdRun - N E X T F L O W  ~  version 23.10.1
May-14 14:30:36.831 [main] DEBUG nextflow.plugin.PluginsFacade - Setting up plugin manager > mode=prod; embedded=false; plugins-dir=/Users/ieo6943/.nextflow/plugins; core-plugins: nf-amazon@2.1.4,nf-azure@1.3.3,nf-cloudcache@0.3.0,nf-codecommit@0.1.5,nf-console@1.0.6,nf-ga4gh@1.1.0,nf-google@1.8.3,nf-tower@1.6.3,nf-wave@1.0.1
May-14 14:30:36.841 [main] INFO  o.pf4j.DefaultPluginStatusProvider - Enabled plugins: []
May-14 14:30:36.842 [main] INFO  o.pf4j.DefaultPluginStatusProvider - Disabled plugins: []
May-14 14:30:36.856 [main] INFO  org.pf4j.DefaultPluginManager - PF4J version 3.4.1 in 'deployment' mode
May-14 14:30:36.867 [main] INFO  org.pf4j.AbstractPluginManager - No plugins
May-14 14:30:36.884 [main] DEBUG nextflow.config.ConfigBuilder - User config file: /Users/ieo6943/Documents/Guido/scratch/Scratch/config/nextflow.config
May-14 14:30:36.885 [main] DEBUG nextflow.config.ConfigBuilder - Parsing config file: /Users/ieo6943/Documents/Guido/scratch/Scratch/config/nextflow.config
May-14 14:30:36.922 [main] DEBUG nextflow.config.ConfigBuilder - Applying config profile: `mamba_local`
May-14 14:30:37.482 [main] DEBUG nextflow.config.ConfigBuilder - Available config profiles: [mamba_local]
May-14 14:30:37.507 [main] DEBUG nextflow.cli.CmdRun - Applied DSL=2 from script declararion
May-14 14:30:37.520 [main] INFO  nextflow.cli.CmdRun - Launching `main.nf` [goofy_wescoff] DSL2 - revision: a8eb734453
May-14 14:30:37.521 [main] DEBUG nextflow.plugin.PluginsFacade - Plugins default=[]
May-14 14:30:37.521 [main] DEBUG nextflow.plugin.PluginsFacade - Plugins resolved requirement=[]
May-14 14:30:37.530 [main] DEBUG n.secret.LocalSecretsProvider - Secrets store: /Users/ieo6943/.nextflow/secrets/store.json
May-14 14:30:37.534 [main] DEBUG nextflow.secret.SecretsLoader - Discovered secrets providers: [nextflow.secret.LocalSecretsProvider@4a2e7bcb] - activable => nextflow.secret.LocalSecretsProvider@4a2e7bcb
May-14 14:30:37.604 [main] DEBUG nextflow.Session - Session UUID: 3e709d64-ed91-4a62-8265-ae3ed6ee624c
May-14 14:30:37.605 [main] DEBUG nextflow.Session - Run name: goofy_wescoff
May-14 14:30:37.605 [main] DEBUG nextflow.Session - Executor pool size: 8
May-14 14:30:37.613 [main] DEBUG nextflow.file.FilePorter - File porter settings maxRetries=3; maxTransfers=50; pollTimeout=null
May-14 14:30:37.618 [main] DEBUG nextflow.util.ThreadPoolBuilder - Creating thread pool 'FileTransfer' minSize=10; maxSize=24; workQueue=LinkedBlockingQueue[10000]; allowCoreThreadTimeout=false
May-14 14:30:37.822 [main] DEBUG nextflow.cli.CmdRun - 
  Version: 23.10.1 build 5891
  Created: 12-01-2024 22:01 UTC (23:01 CEST)
  System: Mac OS X 14.1.2
  Runtime: Groovy 3.0.19 on OpenJDK 64-Bit Server VM 17.0.10+7
  Encoding: UTF-8 (UTF-8)
  Process: 44854@MacBook-Pro-di-Campani.local [127.0.0.1]
  CPUs: 8 - Mem: 16 GB (51.1 MB) - Swap: 3.2 GB (1.4 GB)
May-14 14:30:37.833 [main] DEBUG nextflow.Session - Work-dir: /Users/ieo6943/Documents/Guido/scratch/Scratch/work [Mac OS X]
May-14 14:30:37.846 [main] DEBUG nextflow.executor.ExecutorFactory - Extension executors providers=[]
May-14 14:30:37.854 [main] DEBUG nextflow.Session - Observer factory: DefaultObserverFactory
May-14 14:30:37.880 [main] DEBUG nextflow.cache.CacheFactory - Using Nextflow cache factory: nextflow.cache.DefaultCacheFactory
May-14 14:30:37.889 [main] DEBUG nextflow.util.CustomThreadPool - Creating default thread pool > poolSize: 9; maxThreads: 1000
May-14 14:30:37.944 [main] DEBUG nextflow.Session - Session start
May-14 14:30:37.947 [main] DEBUG nextflow.trace.TraceFileObserver - Workflow started -- trace file: /Users/ieo6943/Documents/Guido/scratch/Scratch/trace.txt
May-14 14:30:38.145 [main] DEBUG nextflow.script.ScriptRunner - > Launching execution
May-14 14:30:38.258 [main] DEBUG nextflow.script.ScriptRunner - Parsed script files:
  Script_2ae2ac406f927325: /Users/ieo6943/Documents/Guido/scratch/Scratch/main.nf
  Script_07e3871fe5ea414e: /Users/ieo6943/Documents/Guido/scratch/Scratch/./subworkflows/filtering_collapsing/main.nf
May-14 14:30:38.258 [main] DEBUG nextflow.Session - Session aborted -- Cause: Can't find a matching module file for include: /subworkflows/filtering_collapsing/modules/consensus_bam.nf
May-14 14:30:38.267 [main] ERROR nextflow.cli.Launcher - Can't find a matching module file for include: /subworkflows/filtering_collapsing/modules/consensus_bam.nf
java.nio.file.NoSuchFileException: Can't find a matching module file for include: /subworkflows/filtering_collapsing/modules/consensus_bam.nf
	at nextflow.script.IncludeDef.realModulePath(IncludeDef.groovy:193)
	at nextflow.script.IncludeDef.load0(IncludeDef.groovy:121)
	at nextflow.script.IncludeDef$load0$1.call(Unknown Source)
	at org.codehaus.groovy.runtime.callsite.CallSiteArray.defaultCall(CallSiteArray.java:47)
	at org.codehaus.groovy.runtime.callsite.AbstractCallSite.call(AbstractCallSite.java:125)
	at org.codehaus.groovy.runtime.callsite.AbstractCallSite.call(AbstractCallSite.java:139)
	at Script_07e3871fe5ea414e.runScript(Script_07e3871fe5ea414e:6)
	at nextflow.script.BaseScript.run0(BaseScript.groovy:144)
	at nextflow.script.BaseScript.run(BaseScript.groovy:192)
	at nextflow.script.ScriptParser.runScript(ScriptParser.groovy:236)
	at nextflow.script.ScriptParser.runScript(ScriptParser.groovy:222)
	at nextflow.script.IncludeDef.memoizedMethodPriv$loadModule0PathMapSession(IncludeDef.groovy:151)
	at nextflow.script.IncludeDef.access$0(IncludeDef.groovy)
	at nextflow.script.IncludeDef$__clinit__closure2.doCall(IncludeDef.groovy)
	at java.base/jdk.internal.reflect.NativeMethodAccessorImpl.invoke0(Native Method)
	at java.base/jdk.internal.reflect.NativeMethodAccessorImpl.invoke(NativeMethodAccessorImpl.java:77)
	at java.base/jdk.internal.reflect.DelegatingMethodAccessorImpl.invoke(DelegatingMethodAccessorImpl.java:43)
	at java.base/java.lang.reflect.Method.invoke(Method.java:568)
	at org.codehaus.groovy.reflection.CachedMethod.invoke(CachedMethod.java:107)
	at groovy.lang.MetaMethod.doMethodInvoke(MetaMethod.java:323)
	at org.codehaus.groovy.runtime.metaclass.ClosureMetaClass.invokeMethod(ClosureMetaClass.java:274)
	at groovy.lang.MetaClassImpl.invokeMethod(MetaClassImpl.java:1030)
	at groovy.lang.Closure.call(Closure.java:427)
	at org.codehaus.groovy.runtime.memoize.Memoize$MemoizeFunction.lambda$call$0(Memoize.java:137)
	at org.codehaus.groovy.runtime.memoize.ConcurrentCommonCache.getAndPut(ConcurrentCommonCache.java:137)
	at org.codehaus.groovy.runtime.memoize.ConcurrentCommonCache.getAndPut(ConcurrentCommonCache.java:113)
	at org.codehaus.groovy.runtime.memoize.Memoize$MemoizeFunction.call(Memoize.java:136)
	at nextflow.script.IncludeDef.loadModule0(IncludeDef.groovy)
	at nextflow.script.IncludeDef.load0(IncludeDef.groovy:123)
	at nextflow.script.IncludeDef$load0$1.call(Unknown Source)
	at org.codehaus.groovy.runtime.callsite.CallSiteArray.defaultCall(CallSiteArray.java:47)
	at org.codehaus.groovy.runtime.callsite.AbstractCallSite.call(AbstractCallSite.java:125)
	at org.codehaus.groovy.runtime.callsite.AbstractCallSite.call(AbstractCallSite.java:139)
	at Script_2ae2ac406f927325.runScript(Script_2ae2ac406f927325:4)
	at nextflow.script.BaseScript.run0(BaseScript.groovy:144)
	at nextflow.script.BaseScript.run(BaseScript.groovy:192)
	at nextflow.script.ScriptParser.runScript(ScriptParser.groovy:236)
	at nextflow.script.ScriptRunner.run(ScriptRunner.groovy:242)
	at nextflow.script.ScriptRunner.execute(ScriptRunner.groovy:137)
	at nextflow.cli.CmdRun.run(CmdRun.groovy:372)
	at nextflow.cli.Launcher.run(Launcher.groovy:500)
	at nextflow.cli.Launcher.main(Launcher.groovy:672)
